<?xml version="1.0" encoding="UTF-8"?>
<!-- Generated by org.testng.reporters.JUnitReportReporter -->
<testsuite skipped="0" hostname="LAPTOP-1A7JJUSJ" name="com.Zenda.TestCases.SignUpTest" tests="2" failures="0" timestamp="2022-07-07T16:43:24 IST" time="10.673" errors="0">
  <testcase name="parentSignUp" time="10.179" classname="com.Zenda.TestCases.SignUpTest"/>
  <system-out/>
  <testcase name="signUpValidation" time="0.494" classname="com.Zenda.TestCases.SignUpTest"/>
  <system-out/>
</testsuite> <!-- com.Zenda.TestCases.SignUpTest -->
