<?xml version="1.0" encoding="UTF-8"?>
<!-- Generated by org.testng.reporters.JUnitReportReporter -->
<testsuite skipped="0" hostname="LAPTOP-1A7JJUSJ" name="com.Zenda.TestCases.HomePageTest" tests="3" failures="0" timestamp="2022-07-07T08:00:21 IST" time="4.014" errors="0">
  <testcase name="parentSignUp" time="3.567" classname="com.Zenda.TestCases.HomePageTest"/>
  <system-out/>
  <testcase name="signUpValidation" time="0.391" classname="com.Zenda.TestCases.HomePageTest"/>
  <system-out/>
  <testcase name="homePage" time="0.056" classname="com.Zenda.TestCases.HomePageTest"/>
  <system-out/>
</testsuite> <!-- com.Zenda.TestCases.HomePageTest -->
