<?xml version="1.0" encoding="UTF-8"?>
<!-- Generated by org.testng.reporters.JUnitReportReporter -->
<testsuite skipped="0" hostname="LAPTOP-1A7JJUSJ" name="com.Zenda.TestCases.NewParentSignUp" tests="1" failures="0" timestamp="2022-07-07T15:21:57 IST" time="1.296" errors="0">
  <testcase name="parentSignUp" time="1.296" classname="com.Zenda.TestCases.NewParentSignUp"/>
  <system-out/>
</testsuite> <!-- com.Zenda.TestCases.NewParentSignUp -->
