<?xml version="1.0" encoding="UTF-8"?>
<!-- Generated by org.testng.reporters.JUnitReportReporter -->
<testsuite skipped="0" hostname="LAPTOP-1A7JJUSJ" name="com.Zenda.TestCases.ValidationTest" tests="1" failures="0" timestamp="2022-07-01T12:03:51 IST" time="0.433" errors="0">
  <testcase name="userIDErrorValidation" time="0.433" classname="com.Zenda.TestCases.ValidationTest"/>
  <system-out/>
</testsuite> <!-- com.Zenda.TestCases.ValidationTest -->
