<?xml version="1.0" encoding="UTF-8"?>
<!-- Generated by org.testng.reporters.JUnitReportReporter -->
<testsuite skipped="0" hostname="LAPTOP-1A7JJUSJ" name="com.Zenda.TestCases.LoginTest" tests="1" failures="0" timestamp="2022-07-01T12:03:51 IST" time="4.938" errors="0">
  <testcase name="login" time="4.938" classname="com.Zenda.TestCases.LoginTest"/>
  <system-out/>
</testsuite> <!-- com.Zenda.TestCases.LoginTest -->
