<?xml version="1.0" encoding="UTF-8"?>
<!-- Generated by org.testng.reporters.JUnitReportReporter -->
<testsuite skipped="0" hostname="LAPTOP-1A7JJUSJ" name="com.Zenda.Base.BaseClass" tests="1" failures="0" timestamp="2022-06-29T15:34:19 IST" time="2.417" errors="0">
  <testcase name="LaunchBrowser" time="2.417" classname="com.Zenda.Base.BaseClass"/>
  <system-out/>
</testsuite> <!-- com.Zenda.Base.BaseClass -->
